<?xml version="1.0" encoding="UTF-8"?>
<!-- Generated by org.testng.reporters.JUnitXMLReporter -->
<testsuite hostname="DESKTOP-9P1MDVM" ignored="0" name="Test" tests="1" failures="0" timestamp="20 Sep 2020 15:48:51 GMT" time="0.372" errors="0">
  <testcase name="@BeforeClass openApp" time="0.0" classname="com.generics.crossBrowser.BaseTest">
    <failure type="org.testng.TestNGException" message="
Parameter &amp;apos;browser&amp;apos; is required by BeforeClass on method openApp but has not been marked @Optional or defined
in E:\QSSE11\TakeScreenShots\testng.xml">
      <![CDATA[org.testng.TestNGException: 
Parameter 'browser' is required by BeforeClass on method openApp but has not been marked @Optional or defined
in E:\QSSE11\TakeScreenShots\testng.xml
... Removed 23 stack frames]]>
    </failure>
  </testcase> <!-- @BeforeClass openApp -->
  <testcase name="@BeforeMethod enterURL" time="0.0" classname="com.generics.crossBrowser.BaseTest">
    <skipped/>
  </testcase> <!-- @BeforeMethod enterURL -->
  <testcase name="@AfterMethod closeApp" time="0.0" classname="com.generics.crossBrowser.BaseTest">
    <skipped/>
  </testcase> <!-- @AfterMethod closeApp -->
  <testcase name="signupMath" time="0.0" classname="com.tests.screenshots.TestActitime">
    <skipped/>
  </testcase> <!-- signupMath -->
</testsuite> <!-- Test -->
